2026-04-02 18:22:47 | ERROR    | src.capture.packet_capture.PacketCapture | Capture error: Interface 'eth0' not found !
2026-04-02 18:25:22 | ERROR    | src.capture.packet_capture.PacketCapture | Capture error: Interface 'eth0' not found !
2026-04-02 18:52:24 | ERROR    | src.capture.packet_capture.PacketCapture | Capture error: Interface 'eth0' not found !
2026-04-02 18:52:42 | ERROR    | src.web.dashboard | Exception on / [GET]
Traceback (most recent call last):
  File "E:\miniconda3\envs\edge-ids\lib\site-packages\flask\app.py", line 1511, in wsgi_app
    response = self.full_dispatch_request()
  File "E:\miniconda3\envs\edge-ids\lib\site-packages\flask\app.py", line 919, in full_dispatch_request
    rv = self.handle_user_exception(e)
  File "E:\miniconda3\envs\edge-ids\lib\site-packages\flask_cors\extension.py", line 176, in wrapped_function
    return cors_after_request(app.make_response(f(*args, **kwargs)))
  File "E:\miniconda3\envs\edge-ids\lib\site-packages\flask\app.py", line 917, in full_dispatch_request
    rv = self.dispatch_request()
  File "E:\miniconda3\envs\edge-ids\lib\site-packages\flask\app.py", line 902, in dispatch_request
    return self.ensure_sync(self.view_functions[rule.endpoint])(**view_args)  # type: ignore[no-any-return]
  File "H:\IDS\edge_ids_refactored\src\web\dashboard.py", line 107, in index
    return render_template('dashboard.html')
  File "E:\miniconda3\envs\edge-ids\lib\site-packages\flask\templating.py", line 150, in render_template
    template = app.jinja_env.get_or_select_template(template_name_or_list)
  File "E:\miniconda3\envs\edge-ids\lib\site-packages\jinja2\environment.py", line 1087, in get_or_select_template
    return self.get_template(template_name_or_list, parent, globals)
  File "E:\miniconda3\envs\edge-ids\lib\site-packages\jinja2\environment.py", line 1016, in get_template
    return self._load_template(name, globals)
  File "E:\miniconda3\envs\edge-ids\lib\site-packages\jinja2\environment.py", line 975, in _load_template
    template = self.loader.load(self, name, self.make_globals(globals))
  File "E:\miniconda3\envs\edge-ids\lib\site-packages\jinja2\loaders.py", line 126, in load
    source, filename, uptodate = self.get_source(environment, name)
  File "E:\miniconda3\envs\edge-ids\lib\site-packages\flask\templating.py", line 66, in get_source
    return self._get_source_fast(environment, template)
  File "E:\miniconda3\envs\edge-ids\lib\site-packages\flask\templating.py", line 100, in _get_source_fast
    raise TemplateNotFound(template)
jinja2.exceptions.TemplateNotFound: dashboard.html
2026-04-02 18:54:57 | ERROR    | src.capture.packet_capture.PacketCapture | Capture error: Interface 'eth0' not found !
2026-04-02 19:01:01 | ERROR    | src.capture.packet_capture.PacketCapture | Capture error: Interface 'eth0' not found !
2026-04-02 19:02:23 | ERROR    | src.capture.packet_capture.PacketCapture | Capture error: Interface 'eth0' not found !
2026-04-02 19:03:15 | ERROR    | src.capture.packet_capture.PacketCapture | Capture error: Interface 'eth0' not found !
2026-04-02 19:03:54 | ERROR    | src.capture.packet_capture.PacketCapture | Capture error: Interface 'eth0' not found !
2026-04-02 19:25:50 | ERROR    | src.capture.packet_capture.PacketCapture | 捕获错误: Sniffing and sending packets is not available at layer 2: winpcap is not installed. You may use conf.L3socket or conf.L3socket6 to access layer 3
2026-04-02 19:31:31 | ERROR    | src.capture.packet_capture.PacketCapture | 抓包错误: Sniffing and sending packets is not available at layer 2: winpcap is not installed. You may use conf.L3socket or conf.L3socket6 to access layer 3
2026-04-02 19:33:40 | ERROR    | src.capture.packet_capture.PacketCapture | 抓包错误: Sniffing and sending packets is not available at layer 2: winpcap is not installed. You may use conf.L3socket or conf.L3socket6 to access layer 3
2026-04-02 19:42:21 | ERROR    | src.capture.packet_capture.PacketCapture | 抓包错误: Sniffing and sending packets is not available at layer 2: winpcap is not installed. You may use conf.L3socket or conf.L3socket6 to access layer 3
